{"/Users/alvaro/Desktop/workspaces/github/home-flow/src/app/router/routes.ts": {"path":"/Users/alvaro/Desktop/workspaces/github/home-flow/src/app/router/routes.ts","statementMap":{"0":{"start":{"line":1,"column":22},"end":{"line":6,"column":null}}},"fnMap":{},"branchMap":{},"s":{"0":2},"f":{},"b":{},"meta":{"lastBranch":0,"lastFunction":0,"lastStatement":1,"seen":{"s:1:22:6:Infinity":0}}}
,"/Users/alvaro/Desktop/workspaces/github/home-flow/src/features/auth/api/authApi.ts": {"path":"/Users/alvaro/Desktop/workspaces/github/home-flow/src/features/auth/api/authApi.ts","statementMap":{"0":{"start":{"line":20,"column":23},"end":{"line":85,"column":null}},"1":{"start":{"line":23,"column":22},"end":{"line":26,"column":6}},"2":{"start":{"line":28,"column":4},"end":{"line":32,"column":null}},"3":{"start":{"line":29,"column":6},"end":{"line":32,"column":null}},"4":{"start":{"line":35,"column":4},"end":{"line":35,"column":null}},"5":{"start":{"line":40,"column":22},"end":{"line":40,"column":51}},"6":{"start":{"line":42,"column":4},"end":{"line":43,"column":null}},"7":{"start":{"line":43,"column":6},"end":{"line":43,"column":null}},"8":{"start":{"line":46,"column":4},"end":{"line":46,"column":null}},"9":{"start":{"line":51,"column":22},"end":{"line":54,"column":6}},"10":{"start":{"line":56,"column":4},"end":{"line":60,"column":null}},"11":{"start":{"line":57,"column":6},"end":{"line":60,"column":null}},"12":{"start":{"line":63,"column":4},"end":{"line":63,"column":null}},"13":{"start":{"line":69,"column":28},"end":{"line":69,"column":60}},"14":{"start":{"line":71,"column":4},"end":{"line":71,"column":null}},"15":{"start":{"line":71,"column":15},"end":{"line":71,"column":null}},"16":{"start":{"line":72,"column":4},"end":{"line":72,"column":null}},"17":{"start":{"line":80,"column":8},"end":{"line":82,"column":null}},"18":{"start":{"line":81,"column":6},"end":{"line":81,"column":null}},"19":{"start":{"line":83,"column":4},"end":{"line":83,"column":null}},"20":{"start":{"line":90,"column":6},"end":{"line":101,"column":null}},"21":{"start":{"line":91,"column":43},"end":{"line":99,"column":null}},"22":{"start":{"line":101,"column":2},"end":{"line":101,"column":null}}},"fnMap":{"0":{"name":"(anonymous_0)","decl":{"start":{"line":22,"column":10},"end":{"line":22,"column":17}},"loc":{"start":{"line":22,"column":78},"end":{"line":35,"column":null}},"line":22},"1":{"name":"(anonymous_1)","decl":{"start":{"line":39,"column":11},"end":{"line":39,"column":50}},"loc":{"start":{"line":39,"column":50},"end":{"line":46,"column":null}},"line":39},"2":{"name":"(anonymous_2)","decl":{"start":{"line":50,"column":10},"end":{"line":50,"column":17}},"loc":{"start":{"line":50,"column":78},"end":{"line":63,"column":null}},"line":50},"3":{"name":"(anonymous_3)","decl":{"start":{"line":68,"column":14},"end":{"line":68,"column":63}},"loc":{"start":{"line":68,"column":63},"end":{"line":72,"column":null}},"line":68},"4":{"name":"(anonymous_4)","decl":{"start":{"line":77,"column":2},"end":{"line":77,"column":22}},"loc":{"start":{"line":77,"column":70},"end":{"line":83,"column":null}},"line":77},"5":{"name":"(anonymous_5)","decl":{"start":{"line":80,"column":22},"end":{"line":80,"column":41}},"loc":{"start":{"line":80,"column":61},"end":{"line":82,"column":null}},"line":80},"6":{"name":"(anonymous_6)","decl":{"start":{"line":90,"column":6},"end":{"line":90,"column":22}},"loc":{"start":{"line":90,"column":50},"end":{"line":101,"column":null}},"line":90}},"branchMap":{"0":{"loc":{"start":{"line":28,"column":4},"end":{"line":32,"column":null}},"type":"if","locations":[{"start":{"line":28,"column":4},"end":{"line":32,"column":null}},{"start":{},"end":{}}],"line":28},"1":{"loc":{"start":{"line":42,"column":4},"end":{"line":43,"column":null}},"type":"if","locations":[{"start":{"line":42,"column":4},"end":{"line":43,"column":null}},{"start":{},"end":{}}],"line":42},"2":{"loc":{"start":{"line":56,"column":4},"end":{"line":60,"column":null}},"type":"if","locations":[{"start":{"line":56,"column":4},"end":{"line":60,"column":null}},{"start":{},"end":{}}],"line":56},"3":{"loc":{"start":{"line":71,"column":4},"end":{"line":71,"column":null}},"type":"if","locations":[{"start":{"line":71,"column":4},"end":{"line":71,"column":null}},{"start":{},"end":{}}],"line":71},"4":{"loc":{"start":{"line":101,"column":9},"end":{"line":101,"column":null}},"type":"binary-expr","locations":[{"start":{"line":101,"column":9},"end":{"line":101,"column":30}},{"start":{"line":101,"column":30},"end":{"line":101,"column":null}}],"line":101}},"s":{"0":3,"1":5,"2":5,"3":4,"4":1,"5":2,"6":2,"7":1,"8":1,"9":0,"10":0,"11":0,"12":0,"13":2,"14":2,"15":1,"16":1,"17":1,"18":0,"19":1,"20":3,"21":4,"22":4},"f":{"0":5,"1":2,"2":0,"3":2,"4":1,"5":0,"6":4},"b":{"0":[4,1],"1":[1,1],"2":[0,0],"3":[1,1],"4":[4,2]},"meta":{"lastBranch":5,"lastFunction":7,"lastStatement":23,"seen":{"s:20:23:85:Infinity":0,"f:22:10:22:17":0,"s:23:22:26:6":1,"b:28:4:32:Infinity:undefined:undefined:undefined:undefined":0,"s:28:4:32:Infinity":2,"s:29:6:32:Infinity":3,"s:35:4:35:Infinity":4,"f:39:11:39:50":1,"s:40:22:40:51":5,"b:42:4:43:Infinity:undefined:undefined:undefined:undefined":1,"s:42:4:43:Infinity":6,"s:43:6:43:Infinity":7,"s:46:4:46:Infinity":8,"f:50:10:50:17":2,"s:51:22:54:6":9,"b:56:4:60:Infinity:undefined:undefined:undefined:undefined":2,"s:56:4:60:Infinity":10,"s:57:6:60:Infinity":11,"s:63:4:63:Infinity":12,"f:68:14:68:63":3,"s:69:28:69:60":13,"b:71:4:71:Infinity:undefined:undefined:undefined:undefined":3,"s:71:4:71:Infinity":14,"s:71:15:71:Infinity":15,"s:72:4:72:Infinity":16,"f:77:2:77:22":4,"s:80:8:82:Infinity":17,"f:80:22:80:41":5,"s:81:6:81:Infinity":18,"s:83:4:83:Infinity":19,"s:90:6:101:Infinity":20,"f:90:6:90:22":6,"s:91:43:99:Infinity":21,"s:101:2:101:Infinity":22,"b:101:9:101:30:101:30:101:Infinity":4}}}
,"/Users/alvaro/Desktop/workspaces/github/home-flow/src/features/auth/model/authStore.ts": {"path":"/Users/alvaro/Desktop/workspaces/github/home-flow/src/features/auth/model/authStore.ts","statementMap":{"0":{"start":{"line":22,"column":21},"end":{"line":26,"column":null}},"1":{"start":{"line":28,"column":13},"end":{"line":57,"column":null}},"2":{"start":{"line":32,"column":14},"end":{"line":50,"column":null}},"3":{"start":{"line":36,"column":8},"end":{"line":36,"column":null}},"4":{"start":{"line":40,"column":8},"end":{"line":40,"column":null}},"5":{"start":{"line":44,"column":8},"end":{"line":44,"column":null}},"6":{"start":{"line":48,"column":8},"end":{"line":48,"column":null}},"7":{"start":{"line":62,"column":13},"end":{"line":62,"column":null}},"8":{"start":{"line":62,"column":48},"end":{"line":62,"column":null}},"9":{"start":{"line":63,"column":13},"end":{"line":63,"column":null}},"10":{"start":{"line":63,"column":59},"end":{"line":63,"column":null}},"11":{"start":{"line":64,"column":13},"end":{"line":64,"column":null}},"12":{"start":{"line":64,"column":53},"end":{"line":64,"column":null}}},"fnMap":{"0":{"name":"(anonymous_0)","decl":{"start":{"line":31,"column":2},"end":{"line":31,"column":null}},"loc":{"start":{"line":32,"column":14},"end":{"line":50,"column":null}},"line":32},"1":{"name":"(anonymous_1)","decl":{"start":{"line":35,"column":6},"end":{"line":35,"column":16}},"loc":{"start":{"line":35,"column":38},"end":{"line":36,"column":null}},"line":35},"2":{"name":"(anonymous_2)","decl":{"start":{"line":39,"column":6},"end":{"line":39,"column":19}},"loc":{"start":{"line":39,"column":47},"end":{"line":40,"column":null}},"line":39},"3":{"name":"(anonymous_3)","decl":{"start":{"line":43,"column":6},"end":{"line":43,"column":19}},"loc":{"start":{"line":43,"column":42},"end":{"line":44,"column":null}},"line":43},"4":{"name":"(anonymous_4)","decl":{"start":{"line":47,"column":6},"end":{"line":47,"column":19}},"loc":{"start":{"line":47,"column":19},"end":{"line":48,"column":null}},"line":47},"5":{"name":"(anonymous_5)","decl":{"start":{"line":62,"column":13},"end":{"line":62,"column":27}},"loc":{"start":{"line":62,"column":48},"end":{"line":62,"column":null}},"line":62},"6":{"name":"(anonymous_6)","decl":{"start":{"line":63,"column":13},"end":{"line":63,"column":38}},"loc":{"start":{"line":63,"column":59},"end":{"line":63,"column":null}},"line":63},"7":{"name":"(anonymous_7)","decl":{"start":{"line":64,"column":13},"end":{"line":64,"column":32}},"loc":{"start":{"line":64,"column":53},"end":{"line":64,"column":null}},"line":64}},"branchMap":{"0":{"loc":{"start":{"line":40,"column":29},"end":{"line":40,"column":52}},"type":"binary-expr","locations":[{"start":{"line":40,"column":29},"end":{"line":40,"column":46}},{"start":{"line":40,"column":46},"end":{"line":40,"column":52}}],"line":40}},"s":{"0":2,"1":2,"2":2,"3":1,"4":5,"5":3,"6":17,"7":2,"8":0,"9":2,"10":0,"11":2,"12":0},"f":{"0":2,"1":1,"2":5,"3":3,"4":17,"5":0,"6":0,"7":0},"b":{"0":[5,1]},"meta":{"lastBranch":1,"lastFunction":8,"lastStatement":13,"seen":{"s:22:21:26:Infinity":0,"s:28:13:57:Infinity":1,"f:31:2:31:Infinity":0,"s:32:14:50:Infinity":2,"f:35:6:35:16":1,"s:36:8:36:Infinity":3,"f:39:6:39:19":2,"s:40:8:40:Infinity":4,"b:40:29:40:46:40:46:40:52":0,"f:43:6:43:19":3,"s:44:8:44:Infinity":5,"f:47:6:47:19":4,"s:48:8:48:Infinity":6,"s:62:13:62:Infinity":7,"f:62:13:62:27":5,"s:62:48:62:Infinity":8,"s:63:13:63:Infinity":9,"f:63:13:63:38":6,"s:63:59:63:Infinity":10,"s:64:13:64:Infinity":11,"f:64:13:64:32":7,"s:64:53:64:Infinity":12}}}
,"/Users/alvaro/Desktop/workspaces/github/home-flow/src/features/auth/model/useAuth.ts": {"path":"/Users/alvaro/Desktop/workspaces/github/home-flow/src/features/auth/model/useAuth.ts","statementMap":{"0":{"start":{"line":16,"column":13},"end":{"line":88,"column":null}},"1":{"start":{"line":17,"column":20},"end":{"line":17,"column":51}},"2":{"start":{"line":18,"column":16},"end":{"line":18,"column":57}},"3":{"start":{"line":19,"column":8},"end":{"line":19,"column":32}},"4":{"start":{"line":21,"column":8},"end":{"line":37,"column":null}},"5":{"start":{"line":23,"column":6},"end":{"line":23,"column":null}},"6":{"start":{"line":24,"column":6},"end":{"line":24,"column":null}},"7":{"start":{"line":26,"column":6},"end":{"line":34,"column":null}},"8":{"start":{"line":27,"column":23},"end":{"line":27,"column":56}},"9":{"start":{"line":28,"column":8},"end":{"line":30,"column":null}},"10":{"start":{"line":29,"column":10},"end":{"line":29,"column":null}},"11":{"start":{"line":30,"column":10},"end":{"line":30,"column":null}},"12":{"start":{"line":32,"column":8},"end":{"line":32,"column":null}},"13":{"start":{"line":34,"column":8},"end":{"line":34,"column":null}},"14":{"start":{"line":40,"column":8},"end":{"line":53,"column":8}},"15":{"start":{"line":41,"column":4},"end":{"line":41,"column":null}},"16":{"start":{"line":42,"column":4},"end":{"line":42,"column":null}},"17":{"start":{"line":44,"column":4},"end":{"line":51,"column":null}},"18":{"start":{"line":45,"column":21},"end":{"line":45,"column":44}},"19":{"start":{"line":46,"column":6},"end":{"line":47,"column":null}},"20":{"start":{"line":47,"column":8},"end":{"line":47,"column":null}},"21":{"start":{"line":51,"column":6},"end":{"line":51,"column":null}},"22":{"start":{"line":55,"column":8},"end":{"line":74,"column":null}},"23":{"start":{"line":57,"column":6},"end":{"line":57,"column":null}},"24":{"start":{"line":58,"column":6},"end":{"line":58,"column":null}},"25":{"start":{"line":60,"column":6},"end":{"line":71,"column":null}},"26":{"start":{"line":61,"column":23},"end":{"line":61,"column":56}},"27":{"start":{"line":62,"column":8},"end":{"line":64,"column":null}},"28":{"start":{"line":63,"column":10},"end":{"line":63,"column":null}},"29":{"start":{"line":64,"column":10},"end":{"line":64,"column":null}},"30":{"start":{"line":66,"column":8},"end":{"line":69,"column":null}},"31":{"start":{"line":71,"column":8},"end":{"line":71,"column":null}},"32":{"start":{"line":77,"column":8},"end":{"line":79,"column":8}},"33":{"start":{"line":78,"column":4},"end":{"line":78,"column":null}},"34":{"start":{"line":81,"column":2},"end":{"line":88,"column":null}}},"fnMap":{"0":{"name":"(anonymous_0)","decl":{"start":{"line":16,"column":13},"end":{"line":16,"column":44}},"loc":{"start":{"line":16,"column":44},"end":{"line":88,"column":null}},"line":16},"1":{"name":"(anonymous_1)","decl":{"start":{"line":22,"column":4},"end":{"line":22,"column":11}},"loc":{"start":{"line":22,"column":60},"end":{"line":37,"column":5}},"line":22},"2":{"name":"(anonymous_2)","decl":{"start":{"line":40,"column":29},"end":{"line":40,"column":56}},"loc":{"start":{"line":40,"column":56},"end":{"line":53,"column":7}},"line":40},"3":{"name":"(anonymous_3)","decl":{"start":{"line":56,"column":4},"end":{"line":56,"column":11}},"loc":{"start":{"line":56,"column":60},"end":{"line":74,"column":5}},"line":56},"4":{"name":"(anonymous_4)","decl":{"start":{"line":77,"column":21},"end":{"line":77,"column":39}},"loc":{"start":{"line":77,"column":39},"end":{"line":79,"column":7}},"line":77}},"branchMap":{"0":{"loc":{"start":{"line":28,"column":8},"end":{"line":30,"column":null}},"type":"if","locations":[{"start":{"line":28,"column":8},"end":{"line":30,"column":null}},{"start":{},"end":{}}],"line":28},"1":{"loc":{"start":{"line":46,"column":6},"end":{"line":47,"column":null}},"type":"if","locations":[{"start":{"line":46,"column":6},"end":{"line":47,"column":null}},{"start":{},"end":{}}],"line":46},"2":{"loc":{"start":{"line":62,"column":8},"end":{"line":64,"column":null}},"type":"if","locations":[{"start":{"line":62,"column":8},"end":{"line":64,"column":null}},{"start":{},"end":{}}],"line":62}},"s":{"0":2,"1":110,"2":110,"3":110,"4":110,"5":2,"6":2,"7":2,"8":2,"9":2,"10":2,"11":2,"12":0,"13":2,"14":110,"15":3,"16":3,"17":3,"18":3,"19":3,"20":2,"21":3,"22":110,"23":0,"24":0,"25":0,"26":0,"27":0,"28":0,"29":0,"30":0,"31":0,"32":110,"33":7,"34":110},"f":{"0":110,"1":2,"2":3,"3":0,"4":7},"b":{"0":[2,0],"1":[2,1],"2":[0,0]},"meta":{"lastBranch":3,"lastFunction":5,"lastStatement":35,"seen":{"s:16:13:88:Infinity":0,"f:16:13:16:44":0,"s:17:20:17:51":1,"s:18:16:18:57":2,"s:19:8:19:32":3,"s:21:8:37:Infinity":4,"f:22:4:22:11":1,"s:23:6:23:Infinity":5,"s:24:6:24:Infinity":6,"s:26:6:34:Infinity":7,"s:27:23:27:56":8,"b:28:8:30:Infinity:undefined:undefined:undefined:undefined":0,"s:28:8:30:Infinity":9,"s:29:10:29:Infinity":10,"s:30:10:30:Infinity":11,"s:32:8:32:Infinity":12,"s:34:8:34:Infinity":13,"s:40:8:53:8":14,"f:40:29:40:56":2,"s:41:4:41:Infinity":15,"s:42:4:42:Infinity":16,"s:44:4:51:Infinity":17,"s:45:21:45:44":18,"b:46:6:47:Infinity:undefined:undefined:undefined:undefined":1,"s:46:6:47:Infinity":19,"s:47:8:47:Infinity":20,"s:51:6:51:Infinity":21,"s:55:8:74:Infinity":22,"f:56:4:56:11":3,"s:57:6:57:Infinity":23,"s:58:6:58:Infinity":24,"s:60:6:71:Infinity":25,"s:61:23:61:56":26,"b:62:8:64:Infinity:undefined:undefined:undefined:undefined":2,"s:62:8:64:Infinity":27,"s:63:10:63:Infinity":28,"s:64:10:64:Infinity":29,"s:66:8:69:Infinity":30,"s:71:8:71:Infinity":31,"s:77:8:79:8":32,"f:77:21:77:39":4,"s:78:4:78:Infinity":33,"s:81:2:88:Infinity":34}}}
,"/Users/alvaro/Desktop/workspaces/github/home-flow/src/features/auth/ui/LoginForm.tsx": {"path":"/Users/alvaro/Desktop/workspaces/github/home-flow/src/features/auth/ui/LoginForm.tsx","statementMap":{"0":{"start":{"line":23,"column":13},"end":{"line":195,"column":null}},"1":{"start":{"line":24,"column":35},"end":{"line":24,"column":59}},"2":{"start":{"line":25,"column":8},"end":{"line":25,"column":32}},"3":{"start":{"line":26,"column":22},"end":{"line":26,"column":null}},"4":{"start":{"line":28,"column":15},"end":{"line":28,"column":63}},"5":{"start":{"line":29,"column":21},"end":{"line":29,"column":64}},"6":{"start":{"line":30,"column":23},"end":{"line":30,"column":57}},"7":{"start":{"line":32,"column":8},"end":{"line":48,"column":null}},"8":{"start":{"line":33,"column":31},"end":{"line":33,"column":33}},"9":{"start":{"line":35,"column":4},"end":{"line":38,"column":null}},"10":{"start":{"line":36,"column":6},"end":{"line":36,"column":null}},"11":{"start":{"line":37,"column":15},"end":{"line":38,"column":null}},"12":{"start":{"line":38,"column":6},"end":{"line":38,"column":null}},"13":{"start":{"line":41,"column":4},"end":{"line":44,"column":null}},"14":{"start":{"line":42,"column":6},"end":{"line":42,"column":null}},"15":{"start":{"line":43,"column":15},"end":{"line":44,"column":null}},"16":{"start":{"line":44,"column":6},"end":{"line":44,"column":null}},"17":{"start":{"line":47,"column":4},"end":{"line":47,"column":null}},"18":{"start":{"line":48,"column":4},"end":{"line":48,"column":null}},"19":{"start":{"line":51,"column":23},"end":{"line":61,"column":null}},"20":{"start":{"line":52,"column":4},"end":{"line":52,"column":null}},"21":{"start":{"line":53,"column":4},"end":{"line":53,"column":null}},"22":{"start":{"line":54,"column":4},"end":{"line":54,"column":null}},"23":{"start":{"line":54,"column":21},"end":{"line":54,"column":null}},"24":{"start":{"line":56,"column":42},"end":{"line":59,"column":null}},"25":{"start":{"line":61,"column":4},"end":{"line":61,"column":null}},"26":{"start":{"line":64,"column":8},"end":{"line":67,"column":null}},"27":{"start":{"line":64,"column":24},"end":{"line":67,"column":null}},"28":{"start":{"line":65,"column":4},"end":{"line":65,"column":null}},"29":{"start":{"line":65,"column":23},"end":{"line":65,"column":61}},"30":{"start":{"line":66,"column":4},"end":{"line":67,"column":null}},"31":{"start":{"line":67,"column":6},"end":{"line":67,"column":null}},"32":{"start":{"line":67,"column":31},"end":{"line":67,"column":64}},"33":{"start":{"line":71,"column":2},"end":{"line":195,"column":null}},"34":{"start":{"line":116,"column":12},"end":{"line":116,"column":null}},"35":{"start":{"line":164,"column":18},"end":{"line":164,"column":null}},"36":{"start":{"line":164,"column":41},"end":{"line":164,"column":44}}},"fnMap":{"0":{"name":"(anonymous_0)","decl":{"start":{"line":23,"column":13},"end":{"line":23,"column":31}},"loc":{"start":{"line":23,"column":31},"end":{"line":195,"column":null}},"line":23},"1":{"name":"(anonymous_1)","decl":{"start":{"line":32,"column":8},"end":{"line":32,"column":34}},"loc":{"start":{"line":32,"column":34},"end":{"line":48,"column":null}},"line":32},"2":{"name":"(anonymous_2)","decl":{"start":{"line":51,"column":23},"end":{"line":51,"column":30}},"loc":{"start":{"line":51,"column":53},"end":{"line":61,"column":null}},"line":51},"3":{"name":"(anonymous_3)","decl":{"start":{"line":64,"column":8},"end":{"line":64,"column":24}},"loc":{"start":{"line":64,"column":24},"end":{"line":67,"column":null}},"line":64},"4":{"name":"(anonymous_4)","decl":{"start":{"line":64,"column":24},"end":{"line":64,"column":52}},"loc":{"start":{"line":64,"column":95},"end":{"line":67,"column":null}},"line":64},"5":{"name":"(anonymous_5)","decl":{"start":{"line":65,"column":4},"end":{"line":65,"column":13}},"loc":{"start":{"line":65,"column":23},"end":{"line":65,"column":61}},"line":65},"6":{"name":"(anonymous_6)","decl":{"start":{"line":67,"column":6},"end":{"line":67,"column":21}},"loc":{"start":{"line":67,"column":31},"end":{"line":67,"column":64}},"line":67},"7":{"name":"(anonymous_7)","decl":{"start":{"line":115,"column":10},"end":{"line":115,"column":21}},"loc":{"start":{"line":115,"column":27},"end":{"line":116,"column":null}},"line":115},"8":{"name":"(anonymous_8)","decl":{"start":{"line":163,"column":16},"end":{"line":163,"column":31}},"loc":{"start":{"line":163,"column":31},"end":{"line":164,"column":null}},"line":163},"9":{"name":"(anonymous_9)","decl":{"start":{"line":164,"column":18},"end":{"line":164,"column":35}},"loc":{"start":{"line":164,"column":41},"end":{"line":164,"column":44}},"line":164}},"branchMap":{"0":{"loc":{"start":{"line":35,"column":4},"end":{"line":38,"column":null}},"type":"if","locations":[{"start":{"line":35,"column":4},"end":{"line":38,"column":null}},{"start":{"line":37,"column":15},"end":{"line":38,"column":null}}],"line":35},"1":{"loc":{"start":{"line":37,"column":15},"end":{"line":38,"column":null}},"type":"if","locations":[{"start":{"line":37,"column":15},"end":{"line":38,"column":null}},{"start":{},"end":{}}],"line":37},"2":{"loc":{"start":{"line":41,"column":4},"end":{"line":44,"column":null}},"type":"if","locations":[{"start":{"line":41,"column":4},"end":{"line":44,"column":null}},{"start":{"line":43,"column":15},"end":{"line":44,"column":null}}],"line":41},"3":{"loc":{"start":{"line":43,"column":15},"end":{"line":44,"column":null}},"type":"if","locations":[{"start":{"line":43,"column":15},"end":{"line":44,"column":null}},{"start":{},"end":{}}],"line":43},"4":{"loc":{"start":{"line":54,"column":4},"end":{"line":54,"column":null}},"type":"if","locations":[{"start":{"line":54,"column":4},"end":{"line":54,"column":null}},{"start":{},"end":{}}],"line":54},"5":{"loc":{"start":{"line":66,"column":4},"end":{"line":67,"column":null}},"type":"if","locations":[{"start":{"line":66,"column":4},"end":{"line":67,"column":null}},{"start":{},"end":{}}],"line":66},"6":{"loc":{"start":{"line":101,"column":9},"end":{"line":104,"column":null}},"type":"binary-expr","locations":[{"start":{"line":101,"column":9},"end":{"line":101,"column":null}},{"start":{"line":102,"column":10},"end":{"line":104,"column":null}}],"line":101},"7":{"loc":{"start":{"line":108,"column":9},"end":{"line":111,"column":null}},"type":"binary-expr","locations":[{"start":{"line":108,"column":9},"end":{"line":108,"column":null}},{"start":{"line":109,"column":10},"end":{"line":111,"column":null}}],"line":108},"8":{"loc":{"start":{"line":128,"column":39},"end":{"line":128,"column":null}},"type":"cond-expr","locations":[{"start":{"line":128,"column":58},"end":{"line":128,"column":72}},{"start":{"line":128,"column":72},"end":{"line":128,"column":null}}],"line":128},"9":{"loc":{"start":{"line":136,"column":13},"end":{"line":139,"column":null}},"type":"binary-expr","locations":[{"start":{"line":136,"column":13},"end":{"line":136,"column":null}},{"start":{"line":137,"column":14},"end":{"line":139,"column":null}}],"line":136},"10":{"loc":{"start":{"line":151,"column":22},"end":{"line":151,"column":null}},"type":"cond-expr","locations":[{"start":{"line":151,"column":37},"end":{"line":151,"column":46}},{"start":{"line":151,"column":46},"end":{"line":151,"column":null}}],"line":151},"11":{"loc":{"start":{"line":152,"column":41},"end":{"line":152,"column":null}},"type":"cond-expr","locations":[{"start":{"line":152,"column":63},"end":{"line":152,"column":77}},{"start":{"line":152,"column":77},"end":{"line":152,"column":null}}],"line":152},"12":{"loc":{"start":{"line":162,"column":28},"end":{"line":162,"column":null}},"type":"cond-expr","locations":[{"start":{"line":162,"column":43},"end":{"line":162,"column":61}},{"start":{"line":162,"column":61},"end":{"line":162,"column":null}}],"line":162},"13":{"loc":{"start":{"line":168,"column":17},"end":{"line":168,"column":null}},"type":"cond-expr","locations":[{"start":{"line":168,"column":32},"end":{"line":168,"column":50}},{"start":{"line":168,"column":49},"end":{"line":168,"column":null}}],"line":168},"14":{"loc":{"start":{"line":171,"column":13},"end":{"line":174,"column":null}},"type":"binary-expr","locations":[{"start":{"line":171,"column":13},"end":{"line":171,"column":null}},{"start":{"line":172,"column":14},"end":{"line":174,"column":null}}],"line":171},"15":{"loc":{"start":{"line":185,"column":13},"end":{"line":186,"column":25}},"type":"binary-expr","locations":[{"start":{"line":185,"column":13},"end":{"line":185,"column":26}},{"start":{"line":185,"column":26},"end":{"line":186,"column":25}}],"line":185},"16":{"loc":{"start":{"line":186,"column":13},"end":{"line":186,"column":null}},"type":"cond-expr","locations":[{"start":{"line":186,"column":25},"end":{"line":186,"column":47}},{"start":{"line":186,"column":47},"end":{"line":186,"column":null}}],"line":186}},"s":{"0":1,"1":103,"2":103,"3":103,"4":103,"5":103,"6":103,"7":103,"8":6,"9":6,"10":2,"11":4,"12":1,"13":6,"14":3,"15":3,"16":1,"17":6,"18":6,"19":103,"20":6,"21":6,"22":6,"23":4,"24":2,"25":2,"26":103,"27":206,"28":86,"29":86,"30":86,"31":1,"32":1,"33":103,"34":6,"35":2,"36":2},"f":{"0":103,"1":6,"2":6,"3":206,"4":86,"5":86,"6":1,"7":6,"8":2,"9":2},"b":{"0":[2,4],"1":[1,3],"2":[3,3],"3":[1,2],"4":[4,2],"5":[1,85],"6":[103,0],"7":[103,1],"8":[3,100],"9":[103,3],"10":[1,102],"11":[5,98],"12":[1,102],"13":[1,102],"14":[103,5],"15":[103,2],"16":[2,101]},"meta":{"lastBranch":17,"lastFunction":10,"lastStatement":37,"seen":{"s:23:13:195:Infinity":0,"f:23:13:23:31":0,"s:24:35:24:59":1,"s:25:8:25:32":2,"s:26:22:26:Infinity":3,"s:28:15:28:63":4,"s:29:21:29:64":5,"s:30:23:30:57":6,"s:32:8:48:Infinity":7,"f:32:8:32:34":1,"s:33:31:33:33":8,"b:35:4:38:Infinity:37:15:38:Infinity":0,"s:35:4:38:Infinity":9,"s:36:6:36:Infinity":10,"b:37:15:38:Infinity:undefined:undefined:undefined:undefined":1,"s:37:15:38:Infinity":11,"s:38:6:38:Infinity":12,"b:41:4:44:Infinity:43:15:44:Infinity":2,"s:41:4:44:Infinity":13,"s:42:6:42:Infinity":14,"b:43:15:44:Infinity:undefined:undefined:undefined:undefined":3,"s:43:15:44:Infinity":15,"s:44:6:44:Infinity":16,"s:47:4:47:Infinity":17,"s:48:4:48:Infinity":18,"s:51:23:61:Infinity":19,"f:51:23:51:30":2,"s:52:4:52:Infinity":20,"s:53:4:53:Infinity":21,"b:54:4:54:Infinity:undefined:undefined:undefined:undefined":4,"s:54:4:54:Infinity":22,"s:54:21:54:Infinity":23,"s:56:42:59:Infinity":24,"s:61:4:61:Infinity":25,"s:64:8:67:Infinity":26,"f:64:8:64:24":3,"s:64:24:67:Infinity":27,"f:64:24:64:52":4,"s:65:4:65:Infinity":28,"f:65:4:65:13":5,"s:65:23:65:61":29,"b:66:4:67:Infinity:undefined:undefined:undefined:undefined":5,"s:66:4:67:Infinity":30,"s:67:6:67:Infinity":31,"f:67:6:67:21":6,"s:67:31:67:64":32,"s:71:2:195:Infinity":33,"b:101:9:101:Infinity:102:10:104:Infinity":6,"b:108:9:108:Infinity:109:10:111:Infinity":7,"f:115:10:115:21":7,"s:116:12:116:Infinity":34,"b:128:58:128:72:128:72:128:Infinity":8,"b:136:13:136:Infinity:137:14:139:Infinity":9,"b:151:37:151:46:151:46:151:Infinity":10,"b:152:63:152:77:152:77:152:Infinity":11,"b:162:43:162:61:162:61:162:Infinity":12,"f:163:16:163:31":8,"s:164:18:164:Infinity":35,"f:164:18:164:35":9,"s:164:41:164:44":36,"b:168:32:168:50:168:49:168:Infinity":13,"b:171:13:171:Infinity:172:14:174:Infinity":14,"b:185:13:185:26:185:26:186:25":15,"b:186:25:186:47:186:47:186:Infinity":16}}}
,"/Users/alvaro/Desktop/workspaces/github/home-flow/src/shared/config/env.ts": {"path":"/Users/alvaro/Desktop/workspaces/github/home-flow/src/shared/config/env.ts","statementMap":{"0":{"start":{"line":3,"column":18},"end":{"line":6,"column":null}},"1":{"start":{"line":8,"column":15},"end":{"line":8,"column":null}},"2":{"start":{"line":10,"column":19},"end":{"line":14,"column":null}}},"fnMap":{},"branchMap":{},"s":{"0":3,"1":3,"2":3},"f":{},"b":{},"meta":{"lastBranch":0,"lastFunction":0,"lastStatement":3,"seen":{"s:3:18:6:Infinity":0,"s:8:15:8:Infinity":1,"s:10:19:14:Infinity":2}}}
,"/Users/alvaro/Desktop/workspaces/github/home-flow/src/shared/lib/supabase/client.ts": {"path":"/Users/alvaro/Desktop/workspaces/github/home-flow/src/shared/lib/supabase/client.ts","statementMap":{"0":{"start":{"line":7,"column":13},"end":{"line":16,"column":2}}},"fnMap":{},"branchMap":{},"s":{"0":3},"f":{},"b":{},"meta":{"lastBranch":0,"lastFunction":0,"lastStatement":1,"seen":{"s:7:13:16:2":0}}}
,"/Users/alvaro/Desktop/workspaces/github/home-flow/src/shared/lib/theme/index.tsx": {"path":"/Users/alvaro/Desktop/workspaces/github/home-flow/src/shared/lib/theme/index.tsx","statementMap":{"0":{"start":{"line":11,"column":6},"end":{"line":11,"column":66}},"1":{"start":{"line":15,"column":6},"end":{"line":24,"column":null}},"2":{"start":{"line":16,"column":17},"end":{"line":16,"column":49}},"3":{"start":{"line":18,"column":4},"end":{"line":22,"column":null}},"4":{"start":{"line":23,"column":2},"end":{"line":23,"column":null}},"5":{"start":{"line":24,"column":2},"end":{"line":24,"column":null}},"6":{"start":{"line":27,"column":13},"end":{"line":39,"column":null}},"7":{"start":{"line":28,"column":16},"end":{"line":28,"column":60}},"8":{"start":{"line":32,"column":2},"end":{"line":35,"column":null}},"9":{"start":{"line":33,"column":4},"end":{"line":33,"column":null}},"10":{"start":{"line":34,"column":4},"end":{"line":34,"column":null}},"11":{"start":{"line":37,"column":8},"end":{"line":37,"column":95}},"12":{"start":{"line":37,"column":40},"end":{"line":37,"column":90}},"13":{"start":{"line":37,"column":57},"end":{"line":37,"column":90}},"14":{"start":{"line":39,"column":2},"end":{"line":39,"column":null}},"15":{"start":{"line":42,"column":13},"end":{"line":45,"column":null}},"16":{"start":{"line":43,"column":8},"end":{"line":43,"column":38}},"17":{"start":{"line":44,"column":2},"end":{"line":44,"column":null}},"18":{"start":{"line":44,"column":12},"end":{"line":44,"column":null}},"19":{"start":{"line":45,"column":2},"end":{"line":45,"column":null}}},"fnMap":{"0":{"name":"(anonymous_0)","decl":{"start":{"line":15,"column":6},"end":{"line":15,"column":37}},"loc":{"start":{"line":15,"column":37},"end":{"line":24,"column":null}},"line":15},"1":{"name":"(anonymous_1)","decl":{"start":{"line":27,"column":13},"end":{"line":27,"column":30}},"loc":{"start":{"line":27,"column":72},"end":{"line":39,"column":null}},"line":27},"2":{"name":"(anonymous_2)","decl":{"start":{"line":32,"column":2},"end":{"line":32,"column":18}},"loc":{"start":{"line":32,"column":18},"end":{"line":35,"column":6}},"line":32},"3":{"name":"(anonymous_3)","decl":{"start":{"line":37,"column":22},"end":{"line":37,"column":40}},"loc":{"start":{"line":37,"column":40},"end":{"line":37,"column":90}},"line":37},"4":{"name":"(anonymous_4)","decl":{"start":{"line":37,"column":40},"end":{"line":37,"column":50}},"loc":{"start":{"line":37,"column":57},"end":{"line":37,"column":90}},"line":37},"5":{"name":"(anonymous_5)","decl":{"start":{"line":42,"column":13},"end":{"line":42,"column":49}},"loc":{"start":{"line":42,"column":49},"end":{"line":45,"column":null}},"line":42}},"branchMap":{"0":{"loc":{"start":{"line":18,"column":4},"end":{"line":22,"column":null}},"type":"cond-expr","locations":[{"start":{"line":19,"column":8},"end":{"line":19,"column":null}},{"start":{"line":20,"column":8},"end":{"line":22,"column":null}}],"line":18},"1":{"loc":{"start":{"line":18,"column":4},"end":{"line":18,"column":null}},"type":"binary-expr","locations":[{"start":{"line":18,"column":4},"end":{"line":18,"column":26}},{"start":{"line":18,"column":26},"end":{"line":18,"column":null}}],"line":18},"2":{"loc":{"start":{"line":20,"column":8},"end":{"line":22,"column":null}},"type":"cond-expr","locations":[{"start":{"line":21,"column":10},"end":{"line":21,"column":null}},{"start":{"line":22,"column":10},"end":{"line":22,"column":null}}],"line":20},"3":{"loc":{"start":{"line":37,"column":57},"end":{"line":37,"column":90}},"type":"cond-expr","locations":[{"start":{"line":37,"column":72},"end":{"line":37,"column":82}},{"start":{"line":37,"column":82},"end":{"line":37,"column":90}}],"line":37},"4":{"loc":{"start":{"line":44,"column":2},"end":{"line":44,"column":null}},"type":"if","locations":[{"start":{"line":44,"column":2},"end":{"line":44,"column":null}},{"start":{},"end":{}}],"line":44}},"s":{"0":1,"1":1,"2":8,"3":8,"4":8,"5":8,"6":1,"7":8,"8":8,"9":8,"10":8,"11":8,"12":0,"13":0,"14":8,"15":1,"16":103,"17":103,"18":0,"19":103},"f":{"0":8,"1":8,"2":8,"3":0,"4":0,"5":103},"b":{"0":[7,1],"1":[8,1],"2":[0,1],"3":[0,0],"4":[0,103]},"meta":{"lastBranch":5,"lastFunction":6,"lastStatement":20,"seen":{"s:11:6:11:66":0,"s:15:6:24:Infinity":1,"f:15:6:15:37":0,"s:16:17:16:49":2,"s:18:4:22:Infinity":3,"b:19:8:19:Infinity:20:8:22:Infinity":0,"b:18:4:18:26:18:26:18:Infinity":1,"b:21:10:21:Infinity:22:10:22:Infinity":2,"s:23:2:23:Infinity":4,"s:24:2:24:Infinity":5,"s:27:13:39:Infinity":6,"f:27:13:27:30":1,"s:28:16:28:60":7,"s:32:2:35:Infinity":8,"f:32:2:32:18":2,"s:33:4:33:Infinity":9,"s:34:4:34:Infinity":10,"s:37:8:37:95":11,"f:37:22:37:40":3,"s:37:40:37:90":12,"f:37:40:37:50":4,"s:37:57:37:90":13,"b:37:72:37:82:37:82:37:90":3,"s:39:2:39:Infinity":14,"s:42:13:45:Infinity":15,"f:42:13:42:49":5,"s:43:8:43:38":16,"b:44:2:44:Infinity:undefined:undefined:undefined:undefined":4,"s:44:2:44:Infinity":17,"s:44:12:44:Infinity":18,"s:45:2:45:Infinity":19}}}
,"/Users/alvaro/Desktop/workspaces/github/home-flow/src/shared/ui/PageLayout.tsx": {"path":"/Users/alvaro/Desktop/workspaces/github/home-flow/src/shared/ui/PageLayout.tsx","statementMap":{"0":{"start":{"line":9,"column":13},"end":{"line":25,"column":null}},"1":{"start":{"line":10,"column":17},"end":{"line":10,"column":43}},"2":{"start":{"line":12,"column":2},"end":{"line":25,"column":null}}},"fnMap":{"0":{"name":"(anonymous_0)","decl":{"start":{"line":9,"column":13},"end":{"line":9,"column":27}},"loc":{"start":{"line":9,"column":61},"end":{"line":25,"column":null}},"line":9}},"branchMap":{"0":{"loc":{"start":{"line":20,"column":20},"end":{"line":20,"column":null}},"type":"cond-expr","locations":[{"start":{"line":20,"column":39},"end":{"line":20,"column":64}},{"start":{"line":20,"column":64},"end":{"line":20,"column":null}}],"line":20},"1":{"loc":{"start":{"line":22,"column":9},"end":{"line":22,"column":null}},"type":"cond-expr","locations":[{"start":{"line":22,"column":28},"end":{"line":22,"column":43}},{"start":{"line":22,"column":42},"end":{"line":22,"column":null}}],"line":22}},"s":{"0":1,"1":103,"2":103},"f":{"0":103},"b":{"0":[0,103],"1":[0,103]},"meta":{"lastBranch":2,"lastFunction":1,"lastStatement":3,"seen":{"s:9:13:25:Infinity":0,"f:9:13:9:27":0,"s:10:17:10:43":1,"s:12:2:25:Infinity":2,"b:20:39:20:64:20:64:20:Infinity":0,"b:22:28:22:43:22:42:22:Infinity":1}}}
}
