{"total": {"lines":{"total":124,"covered":109,"skipped":0,"pct":87.9},"statements":{"total":136,"covered":115,"skipped":0,"pct":84.55},"functions":{"total":37,"covered":29,"skipped":0,"pct":78.37},"branches":{"total":66,"covered":54,"skipped":0,"pct":81.81},"branchesTrue":{"total":0,"covered":0,"skipped":0,"pct":100}}
,"/Users/alvaro/Desktop/workspaces/github/home-flow/src/app/router/routes.ts": {"lines":{"total":1,"covered":1,"skipped":0,"pct":100},"functions":{"total":0,"covered":0,"skipped":0,"pct":100},"statements":{"total":1,"covered":1,"skipped":0,"pct":100},"branches":{"total":0,"covered":0,"skipped":0,"pct":100}}
,"/Users/alvaro/Desktop/workspaces/github/home-flow/src/features/auth/api/authApi.ts": {"lines":{"total":22,"covered":17,"skipped":0,"pct":77.27},"functions":{"total":7,"covered":5,"skipped":0,"pct":71.42},"statements":{"total":23,"covered":18,"skipped":0,"pct":78.26},"branches":{"total":10,"covered":8,"skipped":0,"pct":80}}
,"/Users/alvaro/Desktop/workspaces/github/home-flow/src/features/auth/model/authStore.ts": {"lines":{"total":10,"covered":10,"skipped":0,"pct":100},"functions":{"total":8,"covered":5,"skipped":0,"pct":62.5},"statements":{"total":13,"covered":10,"skipped":0,"pct":76.92},"branches":{"total":2,"covered":2,"skipped":0,"pct":100}}
,"/Users/alvaro/Desktop/workspaces/github/home-flow/src/features/auth/model/useAuth.ts": {"lines":{"total":35,"covered":25,"skipped":0,"pct":71.42},"functions":{"total":5,"covered":4,"skipped":0,"pct":80},"statements":{"total":35,"covered":25,"skipped":0,"pct":71.42},"branches":{"total":6,"covered":3,"skipped":0,"pct":50}}
,"/Users/alvaro/Desktop/workspaces/github/home-flow/src/features/auth/ui/LoginForm.tsx": {"lines":{"total":32,"covered":32,"skipped":0,"pct":100},"functions":{"total":10,"covered":10,"skipped":0,"pct":100},"statements":{"total":37,"covered":37,"skipped":0,"pct":100},"branches":{"total":34,"covered":33,"skipped":0,"pct":97.05}}
,"/Users/alvaro/Desktop/workspaces/github/home-flow/src/shared/config/env.ts": {"lines":{"total":3,"covered":3,"skipped":0,"pct":100},"functions":{"total":0,"covered":0,"skipped":0,"pct":100},"statements":{"total":3,"covered":3,"skipped":0,"pct":100},"branches":{"total":0,"covered":0,"skipped":0,"pct":100}}
,"/Users/alvaro/Desktop/workspaces/github/home-flow/src/shared/lib/supabase/client.ts": {"lines":{"total":1,"covered":1,"skipped":0,"pct":100},"functions":{"total":0,"covered":0,"skipped":0,"pct":100},"statements":{"total":1,"covered":1,"skipped":0,"pct":100},"branches":{"total":0,"covered":0,"skipped":0,"pct":100}}
,"/Users/alvaro/Desktop/workspaces/github/home-flow/src/shared/lib/theme/index.tsx": {"lines":{"total":17,"covered":17,"skipped":0,"pct":100},"functions":{"total":6,"covered":4,"skipped":0,"pct":66.66},"statements":{"total":20,"covered":17,"skipped":0,"pct":85},"branches":{"total":10,"covered":6,"skipped":0,"pct":60}}
,"/Users/alvaro/Desktop/workspaces/github/home-flow/src/shared/ui/PageLayout.tsx": {"lines":{"total":3,"covered":3,"skipped":0,"pct":100},"functions":{"total":1,"covered":1,"skipped":0,"pct":100},"statements":{"total":3,"covered":3,"skipped":0,"pct":100},"branches":{"total":4,"covered":2,"skipped":0,"pct":50}}
}
