TN:
SF:src/app/router/routes.ts
FNF:0
FNH:0
DA:1,2
LF:1
LH:1
BRF:0
BRH:0
end_of_record
TN:
SF:src/features/auth/api/authApi.ts
FN:22,(anonymous_0)
FN:39,(anonymous_1)
FN:50,(anonymous_2)
FN:68,(anonymous_3)
FN:77,(anonymous_4)
FN:80,(anonymous_5)
FN:90,(anonymous_6)
FNF:7
FNH:5
FNDA:5,(anonymous_0)
FNDA:2,(anonymous_1)
FNDA:0,(anonymous_2)
FNDA:2,(anonymous_3)
FNDA:1,(anonymous_4)
FNDA:0,(anonymous_5)
FNDA:4,(anonymous_6)
DA:20,3
DA:23,5
DA:28,5
DA:29,4
DA:35,1
DA:40,2
DA:42,2
DA:43,1
DA:46,1
DA:51,0
DA:56,0
DA:57,0
DA:63,0
DA:69,2
DA:71,2
DA:72,1
DA:80,1
DA:81,0
DA:83,1
DA:90,3
DA:91,4
DA:101,4
LF:22
LH:17
BRDA:28,0,0,4
BRDA:28,0,1,1
BRDA:42,1,0,1
BRDA:42,1,1,1
BRDA:56,2,0,0
BRDA:56,2,1,0
BRDA:71,3,0,1
BRDA:71,3,1,1
BRDA:101,4,0,4
BRDA:101,4,1,2
BRF:10
BRH:8
end_of_record
TN:
SF:src/features/auth/model/authStore.ts
FN:31,(anonymous_0)
FN:35,(anonymous_1)
FN:39,(anonymous_2)
FN:43,(anonymous_3)
FN:47,(anonymous_4)
FN:62,(anonymous_5)
FN:63,(anonymous_6)
FN:64,(anonymous_7)
FNF:8
FNH:5
FNDA:2,(anonymous_0)
FNDA:1,(anonymous_1)
FNDA:5,(anonymous_2)
FNDA:3,(anonymous_3)
FNDA:17,(anonymous_4)
FNDA:0,(anonymous_5)
FNDA:0,(anonymous_6)
FNDA:0,(anonymous_7)
DA:22,2
DA:28,2
DA:32,2
DA:36,1
DA:40,5
DA:44,3
DA:48,17
DA:62,2
DA:63,2
DA:64,2
LF:10
LH:10
BRDA:40,0,0,5
BRDA:40,0,1,1
BRF:2
BRH:2
end_of_record
TN:
SF:src/features/auth/model/useAuth.ts
FN:16,(anonymous_0)
FN:22,(anonymous_1)
FN:40,(anonymous_2)
FN:56,(anonymous_3)
FN:77,(anonymous_4)
FNF:5
FNH:4
FNDA:110,(anonymous_0)
FNDA:2,(anonymous_1)
FNDA:3,(anonymous_2)
FNDA:0,(anonymous_3)
FNDA:7,(anonymous_4)
DA:16,2
DA:17,110
DA:18,110
DA:19,110
DA:21,110
DA:23,2
DA:24,2
DA:26,2
DA:27,2
DA:28,2
DA:29,2
DA:30,2
DA:32,0
DA:34,2
DA:40,110
DA:41,3
DA:42,3
DA:44,3
DA:45,3
DA:46,3
DA:47,2
DA:51,3
DA:55,110
DA:57,0
DA:58,0
DA:60,0
DA:61,0
DA:62,0
DA:63,0
DA:64,0
DA:66,0
DA:71,0
DA:77,110
DA:78,7
DA:81,110
LF:35
LH:25
BRDA:28,0,0,2
BRDA:28,0,1,0
BRDA:46,1,0,2
BRDA:46,1,1,1
BRDA:62,2,0,0
BRDA:62,2,1,0
BRF:6
BRH:3
end_of_record
TN:
SF:src/features/auth/ui/LoginForm.tsx
FN:23,(anonymous_0)
FN:32,(anonymous_1)
FN:51,(anonymous_2)
FN:64,(anonymous_3)
FN:64,(anonymous_4)
FN:65,(anonymous_5)
FN:67,(anonymous_6)
FN:115,(anonymous_7)
FN:163,(anonymous_8)
FN:164,(anonymous_9)
FNF:10
FNH:10
FNDA:103,(anonymous_0)
FNDA:6,(anonymous_1)
FNDA:6,(anonymous_2)
FNDA:206,(anonymous_3)
FNDA:86,(anonymous_4)
FNDA:86,(anonymous_5)
FNDA:1,(anonymous_6)
FNDA:6,(anonymous_7)
FNDA:2,(anonymous_8)
FNDA:2,(anonymous_9)
DA:23,1
DA:24,103
DA:25,103
DA:26,103
DA:28,103
DA:29,103
DA:30,103
DA:32,103
DA:33,6
DA:35,6
DA:36,2
DA:37,4
DA:38,1
DA:41,6
DA:42,3
DA:43,3
DA:44,1
DA:47,6
DA:48,6
DA:51,103
DA:52,6
DA:53,6
DA:54,6
DA:56,2
DA:61,2
DA:64,206
DA:65,86
DA:66,86
DA:67,1
DA:71,103
DA:116,6
DA:164,2
LF:32
LH:32
BRDA:35,0,0,2
BRDA:35,0,1,4
BRDA:37,1,0,1
BRDA:37,1,1,3
BRDA:41,2,0,3
BRDA:41,2,1,3
BRDA:43,3,0,1
BRDA:43,3,1,2
BRDA:54,4,0,4
BRDA:54,4,1,2
BRDA:66,5,0,1
BRDA:66,5,1,85
BRDA:101,6,0,103
BRDA:101,6,1,0
BRDA:108,7,0,103
BRDA:108,7,1,1
BRDA:128,8,0,3
BRDA:128,8,1,100
BRDA:136,9,0,103
BRDA:136,9,1,3
BRDA:151,10,0,1
BRDA:151,10,1,102
BRDA:152,11,0,5
BRDA:152,11,1,98
BRDA:162,12,0,1
BRDA:162,12,1,102
BRDA:168,13,0,1
BRDA:168,13,1,102
BRDA:171,14,0,103
BRDA:171,14,1,5
BRDA:185,15,0,103
BRDA:185,15,1,2
BRDA:186,16,0,2
BRDA:186,16,1,101
BRF:34
BRH:33
end_of_record
TN:
SF:src/shared/config/env.ts
FNF:0
FNH:0
DA:3,3
DA:8,3
DA:10,3
LF:3
LH:3
BRF:0
BRH:0
end_of_record
TN:
SF:src/shared/lib/supabase/client.ts
FNF:0
FNH:0
DA:7,3
LF:1
LH:1
BRF:0
BRH:0
end_of_record
TN:
SF:src/shared/lib/theme/index.tsx
FN:15,(anonymous_0)
FN:27,(anonymous_1)
FN:32,(anonymous_2)
FN:37,(anonymous_3)
FN:37,(anonymous_4)
FN:42,(anonymous_5)
FNF:6
FNH:4
FNDA:8,(anonymous_0)
FNDA:8,(anonymous_1)
FNDA:8,(anonymous_2)
FNDA:0,(anonymous_3)
FNDA:0,(anonymous_4)
FNDA:103,(anonymous_5)
DA:11,1
DA:15,1
DA:16,8
DA:18,8
DA:23,8
DA:24,8
DA:27,1
DA:28,8
DA:32,8
DA:33,8
DA:34,8
DA:37,8
DA:39,8
DA:42,1
DA:43,103
DA:44,103
DA:45,103
LF:17
LH:17
BRDA:18,0,0,7
BRDA:18,0,1,1
BRDA:18,1,0,8
BRDA:18,1,1,1
BRDA:20,2,0,0
BRDA:20,2,1,1
BRDA:37,3,0,0
BRDA:37,3,1,0
BRDA:44,4,0,0
BRDA:44,4,1,103
BRF:10
BRH:6
end_of_record
TN:
SF:src/shared/ui/PageLayout.tsx
FN:9,(anonymous_0)
FNF:1
FNH:1
FNDA:103,(anonymous_0)
DA:9,1
DA:10,103
DA:12,103
LF:3
LH:3
BRDA:20,0,0,0
BRDA:20,0,1,103
BRDA:22,1,0,0
BRDA:22,1,1,103
BRF:4
BRH:2
end_of_record
